This is pdfTeX, Version 3.141592653-2.6-1.40.24 (MiKTeX 22.1) (preloaded format=pdflatex 2023.10.15)  15 OCT 2023 20:58
entering extended mode
 restricted \write18 enabled.
 %&-line parsing enabled.
**./avgs-1-wilcoxon_Summary.tex
(avgs-1-wilcoxon_Summary.tex
LaTeX2e <2023-06-01> patch level 1
L3 programming layer <2023-10-10>

(/Users/camilo/Library/Application Support/MiKTeX/texmfs/install/tex/latex/base
/article.cls
Document Class: article 2023/05/17 v1.4n Standard LaTeX document class

(/Users/camilo/Library/Application Support/MiKTeX/texmfs/install/tex/latex/base
/size10.clo
File: size10.clo 2023/05/17 v1.4n Standard LaTeX file (size option)
)
\c@part=\count185
\c@section=\count186
\c@subsection=\count187
\c@subsubsection=\count188
\c@paragraph=\count189
\c@subparagraph=\count190
\c@figure=\count191
\c@table=\count192
\abovecaptionskip=\skip48
\belowcaptionskip=\skip49
\bibindent=\dimen140
)
(/Users/camilo/Library/Application Support/MiKTeX/texmfs/install/tex/latex/grap
hics/rotating.sty
Package: rotating 2016/08/11 v2.16d rotated objects in LaTeX

(/Users/camilo/Library/Application Support/MiKTeX/texmfs/install/tex/latex/grap
hics/graphicx.sty
Package: graphicx 2021/09/16 v1.2d Enhanced LaTeX Graphics (DPC,SPQR)

(/Users/camilo/Library/Application Support/MiKTeX/texmfs/install/tex/latex/grap
hics/keyval.sty
Package: keyval 2022/05/29 v1.15 key=value parser (DPC)
\KV@toks@=\toks17
)
(/Users/camilo/Library/Application Support/MiKTeX/texmfs/install/tex/latex/grap
hics/graphics.sty
Package: graphics 2022/03/10 v1.4e Standard LaTeX Graphics (DPC,SPQR)

(/Users/camilo/Library/Application Support/MiKTeX/texmfs/install/tex/latex/grap
hics/trig.sty
Package: trig 2021/08/11 v1.11 sin cos tan (DPC)
)
(/Users/camilo/Library/Application Support/MiKTeX/texmfs/install/tex/latex/grap
hics-cfg/graphics.cfg
File: graphics.cfg 2016/06/04 v1.11 sample graphics configuration
)
Package graphics Info: Driver file: pdftex.def on input line 107.

(/Users/camilo/Library/Application Support/MiKTeX/texmfs/install/tex/latex/grap
hics-def/pdftex.def
File: pdftex.def 2022/09/22 v1.2b Graphics/color driver for pdftex
))
\Gin@req@height=\dimen141
\Gin@req@width=\dimen142
)
(/Users/camilo/Library/Application Support/MiKTeX/texmfs/install/tex/latex/base
/ifthen.sty
Package: ifthen 2022/04/13 v1.1d Standard LaTeX ifthen package (DPC)
)
\c@r@tfl@t=\count193
\rotFPtop=\skip50
\rotFPbot=\skip51
\rot@float@box=\box51
\rot@mess@toks=\toks18
)
(/Users/camilo/Library/Application Support/MiKTeX/texmfs/install/tex/latex/base
/textcomp.sty
Package: textcomp 2020/02/02 v2.0n Standard LaTeX package
)
(/Users/camilo/Library/Application Support/MiKTeX/texmfs/install/tex/latex/l3ba
ckend/l3backend-pdftex.def
File: l3backend-pdftex.def 2023-10-10 L3 backend support: PDF output (pdfTeX)
\l__color_backend_stack_int=\count194
\l__pdf_internal_box=\box52
)
No file avgs-1-wilcoxon_Summary.aux.
\openout1 = `avgs-1-wilcoxon_Summary.aux'.

LaTeX Font Info:    Checking defaults for OML/cmm/m/it on input line 7.
LaTeX Font Info:    ... okay on input line 7.
LaTeX Font Info:    Checking defaults for OMS/cmsy/m/n on input line 7.
LaTeX Font Info:    ... okay on input line 7.
LaTeX Font Info:    Checking defaults for OT1/cmr/m/n on input line 7.
LaTeX Font Info:    ... okay on input line 7.
LaTeX Font Info:    Checking defaults for T1/cmr/m/n on input line 7.
LaTeX Font Info:    ... okay on input line 7.
LaTeX Font Info:    Checking defaults for TS1/cmr/m/n on input line 7.
LaTeX Font Info:    ... okay on input line 7.
LaTeX Font Info:    Checking defaults for OMX/cmex/m/n on input line 7.
LaTeX Font Info:    ... okay on input line 7.
LaTeX Font Info:    Checking defaults for U/cmr/m/n on input line 7.
LaTeX Font Info:    ... okay on input line 7.

(/Users/camilo/Library/Application Support/MiKTeX/texmfs/install/tex/context/ba
se/mkii/supp-pdf.mkii
[Loading MPS to PDF converter (version 2006.09.02).]
\scratchcounter=\count195
\scratchdimen=\dimen143
\scratchbox=\box53
\nofMPsegments=\count196
\nofMParguments=\count197
\everyMPshowfont=\toks19
\MPscratchCnt=\count198
\MPscratchDim=\dimen144
\MPnumerator=\count199
\makeMPintoPDFobject=\count266
\everyMPtoPDFconversion=\toks20
)
(/Users/camilo/Library/Application Support/MiKTeX/texmfs/install/tex/latex/epst
opdf-pkg/epstopdf-base.sty
Package: epstopdf-base 2020-01-24 v2.11 Base part for package epstopdf
Package epstopdf-base Info: Redefining graphics rule for `.eps' on input line 4
85.

(/Users/camilo/Library/Application Support/MiKTeX/texmfs/install/tex/latex/00mi
ktex/epstopdf-sys.cfg
File: epstopdf-sys.cfg 2021/03/18 v2.0 Configuration of epstopdf for MiKTeX
))
LaTeX Font Info:    External font `cmex10' loaded for size
(Font)              <12> on input line 10.
LaTeX Font Info:    External font `cmex10' loaded for size
(Font)              <8> on input line 10.
LaTeX Font Info:    External font `cmex10' loaded for size
(Font)              <6> on input line 10.
LaTeX Font Info:    External font `cmex10' loaded for size
(Font)              <7> on input line 30.
LaTeX Font Info:    External font `cmex10' loaded for size
(Font)              <5> on input line 30.
 [1

{/Users/camilo/Library/Application Support/MiKTeX/texmfs/data/fonts/map/pdftex/
pdftex.map}] [2] [3] [4


] (avgs-1-wilcoxon_Summary.aux)
 ***********
LaTeX2e <2023-06-01> patch level 1
L3 programming layer <2023-10-10>
 ***********


LaTeX Warning: Label(s) may have changed. Rerun to get cross-references right.

 ) 
Here is how much of TeX's memory you used:
 1467 strings out of 476758
 25570 string characters out of 2800513
 1925040 words of memory out of 3000000
 23201 multiletter control sequences out of 15000+600000
 561778 words of font info for 48 fonts, out of 8000000 for 9000
 0 hyphenation exceptions out of 8191
 72i,11n,79p,433b,341s stack positions out of 5000i,500n,10000p,200000b,80000s
 </Users/camilo/Library/Application Support/MiKTeX/texmfs/data/fonts/pk/ljfou
r/jknappen/ec/dpi600/tcrm1000.pk> </Users/camilo/Library/Application Support/Mi
KTeX/texmfs/data/fonts/pk/ljfour/jknappen/ec/dpi600/tcrm0700.pk></Users/camilo/
Library/Application Support/MiKTeX/texmfs/install/fonts/type1/public/amsfonts/c
m/cmmi10.pfb></Users/camilo/Library/Application Support/MiKTeX/texmfs/install/f
onts/type1/public/amsfonts/cm/cmmi7.pfb></Users/camilo/Library/Application Supp
ort/MiKTeX/texmfs/install/fonts/type1/public/amsfonts/cm/cmr10.pfb></Users/cami
lo/Library/Application Support/MiKTeX/texmfs/install/fonts/type1/public/amsfont
s/cm/cmr12.pfb></Users/camilo/Library/Application Support/MiKTeX/texmfs/install
/fonts/type1/public/amsfonts/cm/cmr17.pfb></Users/camilo/Library/Application Su
pport/MiKTeX/texmfs/install/fonts/type1/public/amsfonts/cm/cmr7.pfb></Users/cam
ilo/Library/Application Support/MiKTeX/texmfs/install/fonts/type1/public/amsfon
ts/cm/cmsy7.pfb>
Output written on avgs-1-wilcoxon_Summary.pdf (4 pages, 92029 bytes).
PDF statistics:
 61 PDF objects out of 1000 (max. 8388607)
 0 named destinations out of 1000 (max. 500000)
 1 words of extra memory for PDF output out of 10000 (max. 10000000)

